<?xml version="1.0" encoding="UTF-8"?>
<testng-results ignored="0" total="1" passed="1" failed="0" skipped="0">
  <reporter-output>
    <line>
      <![CDATA[createCustomer]]>
    </line>
  </reporter-output>
  <suite started-at="2024-09-01T10:58:41 IST" name="Suite" finished-at="2024-09-01T10:58:41 IST" duration-ms="68">
    <groups>
    </groups>
    <test started-at="2024-09-01T10:58:41 IST" name="Test" finished-at="2024-09-01T10:58:41 IST" duration-ms="68">
      <class name="com.actitime.testscipt.CustomerModule">
        <test-method signature="creatCustomer()[pri:0, instance:com.actitime.testscipt.CustomerModule@47eaca72]" started-at="2024-09-01T10:58:41 IST" name="creatCustomer" finished-at="2024-09-01T10:58:41 IST" duration-ms="15" status="PASS">
          <reporter-output>
            <line>
              <![CDATA[createCustomer]]>
            </line>
          </reporter-output>
        </test-method> <!-- creatCustomer -->
      </class> <!-- com.actitime.testscipt.CustomerModule -->
    </test> <!-- Test -->
  </suite> <!-- Suite -->
</testng-results>
